1515552754705	geckodriver	INFO	geckodriver 0.19.1
1515552754715	geckodriver	INFO	Listening on 127.0.0.1:57758
1515552755824	mozrunner::runner	INFO	Running command: "/Applications/Firefox.app/Contents/MacOS/firefox-bin" "-marionette" "-profile" "/var/folders/_l/bzs2gd8x0p92pfdzz0m5d101_dgz49/T/rust_mozprofile.Z1YqD5QDvFX5"
1515552756056	addons.xpi	WARN	Error parsing extensions state: [Exception... "Component returned failure code: 0x80520012 (NS_ERROR_FILE_NOT_FOUND) [amIAddonManagerStartup.readStartupData]"  nsresult: "0x80520012 (NS_ERROR_FILE_NOT_FOUND)"  location: "JS frame :: resource://gre/modules/addons/XPIProvider.jsm :: loadExtensionState :: line 1554"  data: no] Stack trace: loadExtensionState()@resource://gre/modules/addons/XPIProvider.jsm:1554 < getInstallState()@resource://gre/modules/addons/XPIProvider.jsm:1589 < checkForChanges()@resource://gre/modules/addons/XPIProvider.jsm:3109 < startup()@resource://gre/modules/addons/XPIProvider.jsm:2188 < callProvider()@resource://gre/modules/AddonManager.jsm:269 < _startProvider()@resource://gre/modules/AddonManager.jsm:739 < startup()@resource://gre/modules/AddonManager.jsm:906 < startup()@resource://gre/modules/AddonManager.jsm:3090 < observe()@jar:file:///Applications/Firefox.app/Contents/Resources/omni.ja!/components/addonManager.js:65
1515552756353	Marionette	INFO	Enabled via --marionette
2018-01-10 10:52:37.299 plugin-container[16949:1949238] *** CFMessagePort: bootstrap_register(): failed 1100 (0x44c) 'Permission denied', port = 0xa22f, name = 'com.apple.tsm.portname'
See /usr/include/servers/bootstrap_defs.h for the error codes.
2018-01-10 10:52:37.300 plugin-container[16949:1949238] *** CFMessagePort: bootstrap_register(): failed 1100 (0x44c) 'Permission denied', port = 0xa603, name = 'com.apple.CFPasteboardClient'
See /usr/include/servers/bootstrap_defs.h for the error codes.
1515552757913	Marionette	INFO	Listening on port 57769
1515552758020	Marionette	WARN	TLS certificate errors will be ignored for this session
1515552758051	Marionette	DEBUG	Register listener.js for window 2147483649
*** UTM:SVC TimerManager:registerTimer called after profile-before-change notification. Ignoring timer registration for id: telemetry_modules_ping
2018-01-10 10:53:05.553 firefox-bin[16950:1949531] Unable to install helper!
1515552790905	Marionette	INFO	Enabled via MOZ_MARIONETTE
2018-01-10 10:53:11.475 plugin-container[16963:1950264] *** CFMessagePort: bootstrap_register(): failed 1100 (0x44c) 'Permission denied', port = 0x993b, name = 'com.apple.tsm.portname'
See /usr/include/servers/bootstrap_defs.h for the error codes.
2018-01-10 10:53:11.476 plugin-container[16963:1950264] *** CFMessagePort: bootstrap_register(): failed 1100 (0x44c) 'Permission denied', port = 0xa003, name = 'com.apple.CFPasteboardClient'
See /usr/include/servers/bootstrap_defs.h for the error codes.
2018-01-10 10:53:12.072 plugin-container[16964:1950321] *** CFMessagePort: bootstrap_register(): failed 1100 (0x44c) 'Permission denied', port = 0x9d3b, name = 'com.apple.tsm.portname'
See /usr/include/servers/bootstrap_defs.h for the error codes.
2018-01-10 10:53:12.072 plugin-container[16964:1950321] *** CFMessagePort: bootstrap_register(): failed 1100 (0x44c) 'Permission denied', port = 0xa103, name = 'com.apple.CFPasteboardClient'
See /usr/include/servers/bootstrap_defs.h for the error codes.
1515552792214	Marionette	INFO	Listening on port 57769
console.error: 
  Could not write session state file 
  Message: Unix error 2 during operation open on file /var/folders/_l/bzs2gd8x0p92pfdzz0m5d101_dgz49/T/rust_mozprofile.Z1YqD5QDvFX5/sessionstore.jsonlz4.tmp (No such file or directory)
  
1515552875148	geckodriver	INFO	geckodriver 0.19.1
1515552875153	geckodriver	INFO	Listening on 127.0.0.1:57860
1515552876201	mozrunner::runner	INFO	Running command: "/Applications/Firefox.app/Contents/MacOS/firefox-bin" "-marionette" "-profile" "/var/folders/_l/bzs2gd8x0p92pfdzz0m5d101_dgz49/T/rust_mozprofile.3c23ucIURD10"
1515552876421	addons.xpi	WARN	Error parsing extensions state: [Exception... "Component returned failure code: 0x80520012 (NS_ERROR_FILE_NOT_FOUND) [amIAddonManagerStartup.readStartupData]"  nsresult: "0x80520012 (NS_ERROR_FILE_NOT_FOUND)"  location: "JS frame :: resource://gre/modules/addons/XPIProvider.jsm :: loadExtensionState :: line 1554"  data: no] Stack trace: loadExtensionState()@resource://gre/modules/addons/XPIProvider.jsm:1554 < getInstallState()@resource://gre/modules/addons/XPIProvider.jsm:1589 < checkForChanges()@resource://gre/modules/addons/XPIProvider.jsm:3109 < startup()@resource://gre/modules/addons/XPIProvider.jsm:2188 < callProvider()@resource://gre/modules/AddonManager.jsm:269 < _startProvider()@resource://gre/modules/AddonManager.jsm:739 < startup()@resource://gre/modules/AddonManager.jsm:906 < startup()@resource://gre/modules/AddonManager.jsm:3090 < observe()@jar:file:///Applications/Firefox.app/Contents/Resources/omni.ja!/components/addonManager.js:65
1515552876691	Marionette	INFO	Enabled via --marionette
2018-01-10 10:54:37.423 plugin-container[16970:1951560] *** CFMessagePort: bootstrap_register(): failed 1100 (0x44c) 'Permission denied', port = 0x9d37, name = 'com.apple.tsm.portname'
See /usr/include/servers/bootstrap_defs.h for the error codes.
2018-01-10 10:54:37.423 plugin-container[16970:1951560] *** CFMessagePort: bootstrap_register(): failed 1100 (0x44c) 'Permission denied', port = 0xa003, name = 'com.apple.CFPasteboardClient'
See /usr/include/servers/bootstrap_defs.h for the error codes.
1515552878032	Marionette	INFO	Listening on port 57871
1515552878070	Marionette	WARN	TLS certificate errors will be ignored for this session
1515552878101	Marionette	DEBUG	Register listener.js for window 2147483649
1515552887358	Marionette	DEBUG	Received DOM event "beforeunload" for "about:blank"
1515552887634	Marionette	DEBUG	Received DOM event "pagehide" for "about:blank"
1515552887635	Marionette	DEBUG	Received DOM event "unload" for "about:blank"
JavaScript error: https://ss1.bdstatic.com/5eN1bjq8AAUYm2zgoY3K/r/www/cache/static/protocol/https/plugins/every_cookie_mac_82990d4.js, line 4: ReferenceError: c is not defined
1515552887993	Marionette	DEBUG	Received DOM event "DOMContentLoaded" for "https://www.baidu.com/"
1515552888101	Marionette	DEBUG	Received DOM event "pageshow" for "https://www.baidu.com/"
*** UTM:SVC TimerManager:registerTimer called after profile-before-change notification. Ignoring timer registration for id: telemetry_modules_ping
1515552912131	geckodriver	INFO	geckodriver 0.19.1
1515552912137	geckodriver	INFO	Listening on 127.0.0.1:57946
1515552913191	mozrunner::runner	INFO	Running command: "/Applications/Firefox.app/Contents/MacOS/firefox-bin" "-marionette" "-profile" "/var/folders/_l/bzs2gd8x0p92pfdzz0m5d101_dgz49/T/rust_mozprofile.iEo4JUN8F4Ao"
1515552913408	addons.xpi	WARN	Error parsing extensions state: [Exception... "Component returned failure code: 0x80520012 (NS_ERROR_FILE_NOT_FOUND) [amIAddonManagerStartup.readStartupData]"  nsresult: "0x80520012 (NS_ERROR_FILE_NOT_FOUND)"  location: "JS frame :: resource://gre/modules/addons/XPIProvider.jsm :: loadExtensionState :: line 1554"  data: no] Stack trace: loadExtensionState()@resource://gre/modules/addons/XPIProvider.jsm:1554 < getInstallState()@resource://gre/modules/addons/XPIProvider.jsm:1589 < checkForChanges()@resource://gre/modules/addons/XPIProvider.jsm:3109 < startup()@resource://gre/modules/addons/XPIProvider.jsm:2188 < callProvider()@resource://gre/modules/AddonManager.jsm:269 < _startProvider()@resource://gre/modules/AddonManager.jsm:739 < startup()@resource://gre/modules/AddonManager.jsm:906 < startup()@resource://gre/modules/AddonManager.jsm:3090 < observe()@jar:file:///Applications/Firefox.app/Contents/Resources/omni.ja!/components/addonManager.js:65
1515552913676	Marionette	INFO	Enabled via --marionette
2018-01-10 10:55:14.358 plugin-container[16973:1952181] *** CFMessagePort: bootstrap_register(): failed 1100 (0x44c) 'Permission denied', port = 0x9d3b, name = 'com.apple.tsm.portname'
See /usr/include/servers/bootstrap_defs.h for the error codes.
2018-01-10 10:55:14.358 plugin-container[16973:1952181] *** CFMessagePort: bootstrap_register(): failed 1100 (0x44c) 'Permission denied', port = 0xa003, name = 'com.apple.CFPasteboardClient'
See /usr/include/servers/bootstrap_defs.h for the error codes.
1515552915102	Marionette	INFO	Listening on port 57957
1515552915146	Marionette	WARN	TLS certificate errors will be ignored for this session
1515552915176	Marionette	DEBUG	Register listener.js for window 2147483649
1515552925418	Marionette	DEBUG	Received DOM event "beforeunload" for "about:blank"
1515552925860	Marionette	DEBUG	Received DOM event "pagehide" for "about:blank"
1515552925861	Marionette	DEBUG	Received DOM event "unload" for "about:blank"
JavaScript error: https://ss1.bdstatic.com/5eN1bjq8AAUYm2zgoY3K/r/www/cache/static/protocol/https/plugins/every_cookie_mac_82990d4.js, line 4: ReferenceError: c is not defined
1515552926221	Marionette	DEBUG	Received DOM event "DOMContentLoaded" for "https://www.baidu.com/"
1515552926346	Marionette	DEBUG	Received DOM event "pageshow" for "https://www.baidu.com/"
[GFX1-]: Receive IPC close with reason=AbnormalShutdown
1515554169113	geckodriver	INFO	geckodriver 0.19.1
1515554169116	geckodriver	INFO	Listening on 127.0.0.1:58350
1515554170170	mozrunner::runner	INFO	Running command: "/Applications/Firefox.app/Contents/MacOS/firefox-bin" "-marionette" "-profile" "/var/folders/_l/bzs2gd8x0p92pfdzz0m5d101_dgz49/T/rust_mozprofile.VATiuIVCApfD"
1515554170413	addons.xpi	WARN	Error parsing extensions state: [Exception... "Component returned failure code: 0x80520012 (NS_ERROR_FILE_NOT_FOUND) [amIAddonManagerStartup.readStartupData]"  nsresult: "0x80520012 (NS_ERROR_FILE_NOT_FOUND)"  location: "JS frame :: resource://gre/modules/addons/XPIProvider.jsm :: loadExtensionState :: line 1554"  data: no] Stack trace: loadExtensionState()@resource://gre/modules/addons/XPIProvider.jsm:1554 < getInstallState()@resource://gre/modules/addons/XPIProvider.jsm:1589 < checkForChanges()@resource://gre/modules/addons/XPIProvider.jsm:3109 < startup()@resource://gre/modules/addons/XPIProvider.jsm:2188 < callProvider()@resource://gre/modules/AddonManager.jsm:269 < _startProvider()@resource://gre/modules/AddonManager.jsm:739 < startup()@resource://gre/modules/AddonManager.jsm:906 < startup()@resource://gre/modules/AddonManager.jsm:3090 < observe()@jar:file:///Applications/Firefox.app/Contents/Resources/omni.ja!/components/addonManager.js:65
1515554170689	Marionette	INFO	Enabled via --marionette
2018-01-10 11:16:11.514 plugin-container[16993:1961447] *** CFMessagePort: bootstrap_register(): failed 1100 (0x44c) 'Permission denied', port = 0x9d3b, name = 'com.apple.tsm.portname'
See /usr/include/servers/bootstrap_defs.h for the error codes.
2018-01-10 11:16:11.514 plugin-container[16993:1961447] *** CFMessagePort: bootstrap_register(): failed 1100 (0x44c) 'Permission denied', port = 0xa103, name = 'com.apple.CFPasteboardClient'
See /usr/include/servers/bootstrap_defs.h for the error codes.
1515554172179	Marionette	INFO	Listening on port 58361
1515554172260	Marionette	WARN	TLS certificate errors will be ignored for this session
1515554172293	Marionette	DEBUG	Register listener.js for window 2147483649
1515554203989	Marionette	DEBUG	Received DOM event "beforeunload" for "about:blank"
1515554204254	Marionette	DEBUG	Received DOM event "pagehide" for "about:blank"
1515554204254	Marionette	DEBUG	Received DOM event "unload" for "about:blank"
JavaScript error: https://ss1.bdstatic.com/5eN1bjq8AAUYm2zgoY3K/r/www/cache/static/protocol/https/plugins/every_cookie_mac_82990d4.js, line 4: ReferenceError: c is not defined
1515554204537	Marionette	DEBUG	Received DOM event "DOMContentLoaded" for "https://www.baidu.com/"
1515554204634	Marionette	DEBUG	Received DOM event "pageshow" for "https://www.baidu.com/"
